0 info it worked if it ends with ok
1 verbose cli [ 'C:\\Users\\Long\\AppData\\Local\\.meteor\\packages\\meteor-tool\\1.4.2_3\\mt-os.windows.x86_32\\dev_bundle\\bin\\node.exe',
1 verbose cli   'C:\\Users\\Long\\AppData\\Local\\.meteor\\packages\\meteor-tool\\1.4.2_3\\mt-os.windows.x86_32\\dev_bundle\\lib\\node_modules\\npm\\bin\\npm-cli.js',
1 verbose cli   'install' ]
2 info using npm@3.10.9
3 info using node@v4.6.2
4 silly loadCurrentTree Starting
5 silly install loadCurrentTree
6 silly install readLocalPackageData
7 silly install normalizeTree
8 silly loadCurrentTree Finishing
9 silly loadIdealTree Starting
10 silly install loadIdealTree
11 silly cloneCurrentTree Starting
12 silly install cloneCurrentTreeToIdealTree
13 silly cloneCurrentTree Finishing
14 silly loadShrinkwrap Starting
15 silly install loadShrinkwrap
16 silly loadShrinkwrap Finishing
17 silly loadAllDepsIntoIdealTree Starting
18 silly install loadAllDepsIntoIdealTree
19 silly fetchNamedPackageData domready
20 silly mapToRegistry name domready
21 silly mapToRegistry using default registry
22 silly mapToRegistry registry https://registry.npmjs.org/
23 silly mapToRegistry data Result {
23 silly mapToRegistry   raw: 'domready',
23 silly mapToRegistry   scope: null,
23 silly mapToRegistry   escapedName: 'domready',
23 silly mapToRegistry   name: 'domready',
23 silly mapToRegistry   rawSpec: '',
23 silly mapToRegistry   spec: 'latest',
23 silly mapToRegistry   type: 'tag' }
24 silly mapToRegistry uri https://registry.npmjs.org/domready
25 silly fetchNamedPackageData mantra-core
26 silly mapToRegistry name mantra-core
27 silly mapToRegistry using default registry
28 silly mapToRegistry registry https://registry.npmjs.org/
29 silly mapToRegistry data Result {
29 silly mapToRegistry   raw: 'mantra-core',
29 silly mapToRegistry   scope: null,
29 silly mapToRegistry   escapedName: 'mantra-core',
29 silly mapToRegistry   name: 'mantra-core',
29 silly mapToRegistry   rawSpec: '',
29 silly mapToRegistry   spec: 'latest',
29 silly mapToRegistry   type: 'tag' }
30 silly mapToRegistry uri https://registry.npmjs.org/mantra-core
31 silly fetchNamedPackageData react
32 silly mapToRegistry name react
33 silly mapToRegistry using default registry
34 silly mapToRegistry registry https://registry.npmjs.org/
35 silly mapToRegistry data Result {
35 silly mapToRegistry   raw: 'react',
35 silly mapToRegistry   scope: null,
35 silly mapToRegistry   escapedName: 'react',
35 silly mapToRegistry   name: 'react',
35 silly mapToRegistry   rawSpec: '',
35 silly mapToRegistry   spec: 'latest',
35 silly mapToRegistry   type: 'tag' }
36 silly mapToRegistry uri https://registry.npmjs.org/react
37 silly fetchNamedPackageData react-bootstrap-datetimepicker
38 silly mapToRegistry name react-bootstrap-datetimepicker
39 silly mapToRegistry using default registry
40 silly mapToRegistry registry https://registry.npmjs.org/
41 silly mapToRegistry data Result {
41 silly mapToRegistry   raw: 'react-bootstrap-datetimepicker',
41 silly mapToRegistry   scope: null,
41 silly mapToRegistry   escapedName: 'react-bootstrap-datetimepicker',
41 silly mapToRegistry   name: 'react-bootstrap-datetimepicker',
41 silly mapToRegistry   rawSpec: '',
41 silly mapToRegistry   spec: 'latest',
41 silly mapToRegistry   type: 'tag' }
42 silly mapToRegistry uri https://registry.npmjs.org/react-bootstrap-datetimepicker
43 silly fetchNamedPackageData react-dom
44 silly mapToRegistry name react-dom
45 silly mapToRegistry using default registry
46 silly mapToRegistry registry https://registry.npmjs.org/
47 silly mapToRegistry data Result {
47 silly mapToRegistry   raw: 'react-dom',
47 silly mapToRegistry   scope: null,
47 silly mapToRegistry   escapedName: 'react-dom',
47 silly mapToRegistry   name: 'react-dom',
47 silly mapToRegistry   rawSpec: '',
47 silly mapToRegistry   spec: 'latest',
47 silly mapToRegistry   type: 'tag' }
48 silly mapToRegistry uri https://registry.npmjs.org/react-dom
49 silly fetchNamedPackageData react-mounter
50 silly mapToRegistry name react-mounter
51 silly mapToRegistry using default registry
52 silly mapToRegistry registry https://registry.npmjs.org/
53 silly mapToRegistry data Result {
53 silly mapToRegistry   raw: 'react-mounter',
53 silly mapToRegistry   scope: null,
53 silly mapToRegistry   escapedName: 'react-mounter',
53 silly mapToRegistry   name: 'react-mounter',
53 silly mapToRegistry   rawSpec: '',
53 silly mapToRegistry   spec: 'latest',
53 silly mapToRegistry   type: 'tag' }
54 silly mapToRegistry uri https://registry.npmjs.org/react-mounter
55 verbose request uri https://registry.npmjs.org/domready
56 verbose request no auth needed
57 info attempt registry request try #1 at 11:02:56 AM
58 verbose request id b8f63e2746816d0c
59 http request GET https://registry.npmjs.org/domready
60 verbose request uri https://registry.npmjs.org/mantra-core
61 verbose request no auth needed
62 info attempt registry request try #1 at 11:02:57 AM
63 http request GET https://registry.npmjs.org/mantra-core
64 verbose request uri https://registry.npmjs.org/react
65 verbose request no auth needed
66 info attempt registry request try #1 at 11:02:57 AM
67 http request GET https://registry.npmjs.org/react
68 verbose request uri https://registry.npmjs.org/react-bootstrap-datetimepicker
69 verbose request no auth needed
70 info attempt registry request try #1 at 11:02:57 AM
71 http request GET https://registry.npmjs.org/react-bootstrap-datetimepicker
72 verbose request uri https://registry.npmjs.org/react-dom
73 verbose request no auth needed
74 info attempt registry request try #1 at 11:02:57 AM
75 http request GET https://registry.npmjs.org/react-dom
76 verbose request uri https://registry.npmjs.org/react-mounter
77 verbose request no auth needed
78 info attempt registry request try #1 at 11:02:57 AM
79 http request GET https://registry.npmjs.org/react-mounter
80 http 200 https://registry.npmjs.org/react-mounter
81 verbose headers { server: 'nginx/1.10.1',
81 verbose headers   'content-type': 'application/json',
81 verbose headers   'last-modified': 'Sat, 15 Oct 2016 13:19:15 GMT',
81 verbose headers   etag: 'W/"58022cd3-231c"',
81 verbose headers   'content-encoding': 'gzip',
81 verbose headers   'cache-control': 'max-age=300',
81 verbose headers   'content-length': '2332',
81 verbose headers   'accept-ranges': 'bytes',
81 verbose headers   date: 'Wed, 21 Dec 2016 04:03:09 GMT',
81 verbose headers   via: '1.1 varnish',
81 verbose headers   age: '38',
81 verbose headers   connection: 'keep-alive',
81 verbose headers   'x-served-by': 'cache-sin6921-SIN',
81 verbose headers   'x-cache': 'HIT',
81 verbose headers   'x-cache-hits': '1',
81 verbose headers   'x-timer': 'S1482292989.462341,VS0,VE0',
81 verbose headers   vary: 'Accept-Encoding' }
82 silly get cb [ 200,
82 silly get   { server: 'nginx/1.10.1',
82 silly get     'content-type': 'application/json',
82 silly get     'last-modified': 'Sat, 15 Oct 2016 13:19:15 GMT',
82 silly get     etag: 'W/"58022cd3-231c"',
82 silly get     'content-encoding': 'gzip',
82 silly get     'cache-control': 'max-age=300',
82 silly get     'content-length': '2332',
82 silly get     'accept-ranges': 'bytes',
82 silly get     date: 'Wed, 21 Dec 2016 04:03:09 GMT',
82 silly get     via: '1.1 varnish',
82 silly get     age: '38',
82 silly get     connection: 'keep-alive',
82 silly get     'x-served-by': 'cache-sin6921-SIN',
82 silly get     'x-cache': 'HIT',
82 silly get     'x-cache-hits': '1',
82 silly get     'x-timer': 'S1482292989.462341,VS0,VE0',
82 silly get     vary: 'Accept-Encoding' } ]
83 verbose get saving react-mounter to C:\Users\Long\AppData\Local\.meteor\packages\meteor-tool\1.4.2_3\mt-os.windows.x86_32\dev_bundle\.npm\registry.npmjs.org\react-mounter\.cache.json
84 verbose correctMkdir C:\Users\Long\AppData\Local\.meteor\packages\meteor-tool\1.4.2_3\mt-os.windows.x86_32\dev_bundle\.npm correctMkdir not in flight; initializing
85 http 200 https://registry.npmjs.org/domready
86 verbose headers { server: 'nginx/1.10.1',
86 verbose headers   'content-type': 'application/json',
86 verbose headers   'last-modified': 'Fri, 04 Nov 2016 11:40:07 GMT',
86 verbose headers   etag: 'W/"581c7397-7072"',
86 verbose headers   'content-encoding': 'gzip',
86 verbose headers   'cache-control': 'max-age=300',
86 verbose headers   'content-length': '3680',
86 verbose headers   'accept-ranges': 'bytes',
86 verbose headers   date: 'Wed, 21 Dec 2016 04:03:09 GMT',
86 verbose headers   via: '1.1 varnish',
86 verbose headers   age: '38',
86 verbose headers   connection: 'keep-alive',
86 verbose headers   'x-served-by': 'cache-sin6927-SIN',
86 verbose headers   'x-cache': 'HIT',
86 verbose headers   'x-cache-hits': '1',
86 verbose headers   'x-timer': 'S1482292989.461000,VS0,VE0',
86 verbose headers   vary: 'Accept-Encoding' }
87 silly get cb [ 200,
87 silly get   { server: 'nginx/1.10.1',
87 silly get     'content-type': 'application/json',
87 silly get     'last-modified': 'Fri, 04 Nov 2016 11:40:07 GMT',
87 silly get     etag: 'W/"581c7397-7072"',
87 silly get     'content-encoding': 'gzip',
87 silly get     'cache-control': 'max-age=300',
87 silly get     'content-length': '3680',
87 silly get     'accept-ranges': 'bytes',
87 silly get     date: 'Wed, 21 Dec 2016 04:03:09 GMT',
87 silly get     via: '1.1 varnish',
87 silly get     age: '38',
87 silly get     connection: 'keep-alive',
87 silly get     'x-served-by': 'cache-sin6927-SIN',
87 silly get     'x-cache': 'HIT',
87 silly get     'x-cache-hits': '1',
87 silly get     'x-timer': 'S1482292989.461000,VS0,VE0',
87 silly get     vary: 'Accept-Encoding' } ]
88 verbose get saving domready to C:\Users\Long\AppData\Local\.meteor\packages\meteor-tool\1.4.2_3\mt-os.windows.x86_32\dev_bundle\.npm\registry.npmjs.org\domready\.cache.json
89 verbose correctMkdir C:\Users\Long\AppData\Local\.meteor\packages\meteor-tool\1.4.2_3\mt-os.windows.x86_32\dev_bundle\.npm correctMkdir already in flight; waiting
90 silly resolveWithNewModule domready@1.0.8 checking installable status
91 silly cache add args [ 'domready@^1.0.8', null ]
92 verbose cache add spec domready@^1.0.8
93 silly cache add parsed spec Result {
93 silly cache add   raw: 'domready@^1.0.8',
93 silly cache add   scope: null,
93 silly cache add   escapedName: 'domready',
93 silly cache add   name: 'domready',
93 silly cache add   rawSpec: '^1.0.8',
93 silly cache add   spec: '>=1.0.8 <2.0.0',
93 silly cache add   type: 'range' }
94 silly addNamed domready@>=1.0.8 <2.0.0
95 verbose addNamed ">=1.0.8 <2.0.0" is a valid semver range for domready
96 silly addNameRange { name: 'domready', range: '>=1.0.8 <2.0.0', hasData: false }
97 silly mapToRegistry name domready
98 silly mapToRegistry using default registry
99 silly mapToRegistry registry https://registry.npmjs.org/
100 silly mapToRegistry data Result {
100 silly mapToRegistry   raw: 'domready',
100 silly mapToRegistry   scope: null,
100 silly mapToRegistry   escapedName: 'domready',
100 silly mapToRegistry   name: 'domready',
100 silly mapToRegistry   rawSpec: '',
100 silly mapToRegistry   spec: 'latest',
100 silly mapToRegistry   type: 'tag' }
101 silly mapToRegistry uri https://registry.npmjs.org/domready
102 verbose addNameRange registry:https://registry.npmjs.org/domready not in flight; fetching
103 silly resolveWithNewModule react-mounter@1.2.0 checking installable status
104 silly cache add args [ 'react-mounter@1.2.0', null ]
105 verbose cache add spec react-mounter@1.2.0
106 silly cache add parsed spec Result {
106 silly cache add   raw: 'react-mounter@1.2.0',
106 silly cache add   scope: null,
106 silly cache add   escapedName: 'react-mounter',
106 silly cache add   name: 'react-mounter',
106 silly cache add   rawSpec: '1.2.0',
106 silly cache add   spec: '1.2.0',
106 silly cache add   type: 'version' }
107 silly addNamed react-mounter@1.2.0
108 verbose addNamed "1.2.0" is a plain semver version for react-mounter
109 silly mapToRegistry name react-mounter
110 silly mapToRegistry using default registry
111 silly mapToRegistry registry https://registry.npmjs.org/
112 silly mapToRegistry data Result {
112 silly mapToRegistry   raw: 'react-mounter',
112 silly mapToRegistry   scope: null,
112 silly mapToRegistry   escapedName: 'react-mounter',
112 silly mapToRegistry   name: 'react-mounter',
112 silly mapToRegistry   rawSpec: '',
112 silly mapToRegistry   spec: 'latest',
112 silly mapToRegistry   type: 'tag' }
113 silly mapToRegistry uri https://registry.npmjs.org/react-mounter
114 verbose addNameVersion registry:https://registry.npmjs.org/react-mounter not in flight; fetching
115 verbose get https://registry.npmjs.org/domready not expired, no request
116 silly addNameRange number 2 { name: 'domready', range: '>=1.0.8 <2.0.0', hasData: true }
117 silly addNameRange versions [ 'domready',
117 silly addNameRange   [ '0.0.1',
117 silly addNameRange     '0.0.2',
117 silly addNameRange     '0.0.3',
117 silly addNameRange     '0.0.4',
117 silly addNameRange     '0.0.5',
117 silly addNameRange     '0.0.6',
117 silly addNameRange     '0.0.7',
117 silly addNameRange     '0.0.8',
117 silly addNameRange     '0.0.9',
117 silly addNameRange     '0.1.0',
117 silly addNameRange     '0.1.1',
117 silly addNameRange     '0.2.0',
117 silly addNameRange     '0.2.1',
117 silly addNameRange     '0.2.2',
117 silly addNameRange     '0.2.3',
117 silly addNameRange     '0.2.4',
117 silly addNameRange     '0.2.5',
117 silly addNameRange     '0.2.6',
117 silly addNameRange     '0.2.7',
117 silly addNameRange     '0.2.8',
117 silly addNameRange     '0.2.9',
117 silly addNameRange     '0.2.10',
117 silly addNameRange     '0.2.11',
117 silly addNameRange     '0.2.12',
117 silly addNameRange     '0.2.13',
117 silly addNameRange     '0.3.0',
117 silly addNameRange     '1.0.0',
117 silly addNameRange     '1.0.1',
117 silly addNameRange     '1.0.3',
117 silly addNameRange     '1.0.4',
117 silly addNameRange     '1.0.5',
117 silly addNameRange     '1.0.6',
117 silly addNameRange     '1.0.7',
117 silly addNameRange     '1.0.8' ] ]
118 silly addNamed domready@1.0.8
119 verbose addNamed "1.0.8" is a plain semver version for domready
120 silly mapToRegistry name domready
121 silly mapToRegistry using default registry
122 silly mapToRegistry registry https://registry.npmjs.org/
123 silly mapToRegistry data Result {
123 silly mapToRegistry   raw: 'domready',
123 silly mapToRegistry   scope: null,
123 silly mapToRegistry   escapedName: 'domready',
123 silly mapToRegistry   name: 'domready',
123 silly mapToRegistry   rawSpec: '',
123 silly mapToRegistry   spec: 'latest',
123 silly mapToRegistry   type: 'tag' }
124 silly mapToRegistry uri https://registry.npmjs.org/domready
125 verbose addRemoteTarball https://registry.npmjs.org/domready/-/domready-1.0.8.tgz not in flight; adding
126 verbose addRemoteTarball [ 'https://registry.npmjs.org/domready/-/domready-1.0.8.tgz',
126 verbose addRemoteTarball   '91f252e597b65af77e745ae24dd0185d5e26d58c' ]
127 verbose get https://registry.npmjs.org/react-mounter not expired, no request
128 silly mapToRegistry name react-mounter
129 silly mapToRegistry using default registry
130 silly mapToRegistry registry https://registry.npmjs.org/
131 silly mapToRegistry data Result {
131 silly mapToRegistry   raw: 'react-mounter',
131 silly mapToRegistry   scope: null,
131 silly mapToRegistry   escapedName: 'react-mounter',
131 silly mapToRegistry   name: 'react-mounter',
131 silly mapToRegistry   rawSpec: '',
131 silly mapToRegistry   spec: 'latest',
131 silly mapToRegistry   type: 'tag' }
132 silly mapToRegistry uri https://registry.npmjs.org/react-mounter
133 verbose addRemoteTarball https://registry.npmjs.org/react-mounter/-/react-mounter-1.2.0.tgz not in flight; adding
134 verbose addRemoteTarball [ 'https://registry.npmjs.org/react-mounter/-/react-mounter-1.2.0.tgz',
134 verbose addRemoteTarball   '623a3a01dfd778fa713ebd35dd85fd31e55c1424' ]
135 info retry fetch attempt 1 at 11:02:57 AM
136 info attempt registry request try #1 at 11:02:57 AM
137 http fetch GET https://registry.npmjs.org/react-mounter/-/react-mounter-1.2.0.tgz
138 info retry fetch attempt 1 at 11:02:57 AM
139 info attempt registry request try #1 at 11:02:57 AM
140 http fetch GET https://registry.npmjs.org/domready/-/domready-1.0.8.tgz
141 http 200 https://registry.npmjs.org/react-bootstrap-datetimepicker
142 verbose headers { server: 'nginx/1.10.1',
142 verbose headers   'content-type': 'application/json',
142 verbose headers   'last-modified': 'Tue, 23 Aug 2016 16:39:10 GMT',
142 verbose headers   etag: 'W/"57bc7c2e-bf99"',
142 verbose headers   'content-encoding': 'gzip',
142 verbose headers   'cache-control': 'max-age=300',
142 verbose headers   'content-length': '5010',
142 verbose headers   'accept-ranges': 'bytes',
142 verbose headers   date: 'Wed, 21 Dec 2016 04:03:09 GMT',
142 verbose headers   via: '1.1 varnish',
142 verbose headers   age: '38',
142 verbose headers   connection: 'keep-alive',
142 verbose headers   'x-served-by': 'cache-sin6926-SIN',
142 verbose headers   'x-cache': 'HIT',
142 verbose headers   'x-cache-hits': '1',
142 verbose headers   'x-timer': 'S1482292989.510198,VS0,VE0',
142 verbose headers   vary: 'Accept-Encoding' }
143 silly get cb [ 200,
143 silly get   { server: 'nginx/1.10.1',
143 silly get     'content-type': 'application/json',
143 silly get     'last-modified': 'Tue, 23 Aug 2016 16:39:10 GMT',
143 silly get     etag: 'W/"57bc7c2e-bf99"',
143 silly get     'content-encoding': 'gzip',
143 silly get     'cache-control': 'max-age=300',
143 silly get     'content-length': '5010',
143 silly get     'accept-ranges': 'bytes',
143 silly get     date: 'Wed, 21 Dec 2016 04:03:09 GMT',
143 silly get     via: '1.1 varnish',
143 silly get     age: '38',
143 silly get     connection: 'keep-alive',
143 silly get     'x-served-by': 'cache-sin6926-SIN',
143 silly get     'x-cache': 'HIT',
143 silly get     'x-cache-hits': '1',
143 silly get     'x-timer': 'S1482292989.510198,VS0,VE0',
143 silly get     vary: 'Accept-Encoding' } ]
144 verbose get saving react-bootstrap-datetimepicker to C:\Users\Long\AppData\Local\.meteor\packages\meteor-tool\1.4.2_3\mt-os.windows.x86_32\dev_bundle\.npm\registry.npmjs.org\react-bootstrap-datetimepicker\.cache.json
145 verbose correctMkdir C:\Users\Long\AppData\Local\.meteor\packages\meteor-tool\1.4.2_3\mt-os.windows.x86_32\dev_bundle\.npm correctMkdir not in flight; initializing
146 http 200 https://registry.npmjs.org/mantra-core
147 verbose headers { server: 'nginx/1.10.1',
147 verbose headers   'content-type': 'application/json',
147 verbose headers   'last-modified': 'Wed, 22 Jun 2016 11:23:08 GMT',
147 verbose headers   etag: 'W/"576a751c-41ae"',
147 verbose headers   'content-encoding': 'gzip',
147 verbose headers   'cache-control': 'max-age=300',
147 verbose headers   'content-length': '2487',
147 verbose headers   'accept-ranges': 'bytes',
147 verbose headers   date: 'Wed, 21 Dec 2016 04:03:09 GMT',
147 verbose headers   via: '1.1 varnish',
147 verbose headers   age: '38',
147 verbose headers   connection: 'keep-alive',
147 verbose headers   'x-served-by': 'cache-sin6921-SIN',
147 verbose headers   'x-cache': 'HIT',
147 verbose headers   'x-cache-hits': '1',
147 verbose headers   'x-timer': 'S1482292989.520789,VS0,VE0',
147 verbose headers   vary: 'Accept-Encoding' }
148 silly get cb [ 200,
148 silly get   { server: 'nginx/1.10.1',
148 silly get     'content-type': 'application/json',
148 silly get     'last-modified': 'Wed, 22 Jun 2016 11:23:08 GMT',
148 silly get     etag: 'W/"576a751c-41ae"',
148 silly get     'content-encoding': 'gzip',
148 silly get     'cache-control': 'max-age=300',
148 silly get     'content-length': '2487',
148 silly get     'accept-ranges': 'bytes',
148 silly get     date: 'Wed, 21 Dec 2016 04:03:09 GMT',
148 silly get     via: '1.1 varnish',
148 silly get     age: '38',
148 silly get     connection: 'keep-alive',
148 silly get     'x-served-by': 'cache-sin6921-SIN',
148 silly get     'x-cache': 'HIT',
148 silly get     'x-cache-hits': '1',
148 silly get     'x-timer': 'S1482292989.520789,VS0,VE0',
148 silly get     vary: 'Accept-Encoding' } ]
149 verbose get saving mantra-core to C:\Users\Long\AppData\Local\.meteor\packages\meteor-tool\1.4.2_3\mt-os.windows.x86_32\dev_bundle\.npm\registry.npmjs.org\mantra-core\.cache.json
150 verbose correctMkdir C:\Users\Long\AppData\Local\.meteor\packages\meteor-tool\1.4.2_3\mt-os.windows.x86_32\dev_bundle\.npm correctMkdir not in flight; initializing
151 http 200 https://registry.npmjs.org/react-dom
152 verbose headers { server: 'nginx/1.10.1',
152 verbose headers   'content-type': 'application/json',
152 verbose headers   'last-modified': 'Mon, 05 Dec 2016 17:02:07 GMT',
152 verbose headers   etag: 'W/"58459d8f-f908"',
152 verbose headers   'content-encoding': 'gzip',
152 verbose headers   'cache-control': 'max-age=300',
152 verbose headers   'content-length': '6766',
152 verbose headers   'accept-ranges': 'bytes',
152 verbose headers   date: 'Wed, 21 Dec 2016 04:03:09 GMT',
152 verbose headers   via: '1.1 varnish',
152 verbose headers   age: '205',
152 verbose headers   connection: 'keep-alive',
152 verbose headers   'x-served-by': 'cache-sin6927-SIN',
152 verbose headers   'x-cache': 'HIT',
152 verbose headers   'x-cache-hits': '4',
152 verbose headers   'x-timer': 'S1482292989.520144,VS0,VE0',
152 verbose headers   vary: 'Accept-Encoding' }
153 silly get cb [ 200,
153 silly get   { server: 'nginx/1.10.1',
153 silly get     'content-type': 'application/json',
153 silly get     'last-modified': 'Mon, 05 Dec 2016 17:02:07 GMT',
153 silly get     etag: 'W/"58459d8f-f908"',
153 silly get     'content-encoding': 'gzip',
153 silly get     'cache-control': 'max-age=300',
153 silly get     'content-length': '6766',
153 silly get     'accept-ranges': 'bytes',
153 silly get     date: 'Wed, 21 Dec 2016 04:03:09 GMT',
153 silly get     via: '1.1 varnish',
153 silly get     age: '205',
153 silly get     connection: 'keep-alive',
153 silly get     'x-served-by': 'cache-sin6927-SIN',
153 silly get     'x-cache': 'HIT',
153 silly get     'x-cache-hits': '4',
153 silly get     'x-timer': 'S1482292989.520144,VS0,VE0',
153 silly get     vary: 'Accept-Encoding' } ]
154 verbose get saving react-dom to C:\Users\Long\AppData\Local\.meteor\packages\meteor-tool\1.4.2_3\mt-os.windows.x86_32\dev_bundle\.npm\registry.npmjs.org\react-dom\.cache.json
155 verbose correctMkdir C:\Users\Long\AppData\Local\.meteor\packages\meteor-tool\1.4.2_3\mt-os.windows.x86_32\dev_bundle\.npm correctMkdir not in flight; initializing
156 http 200 https://registry.npmjs.org/react
157 verbose headers { server: 'nginx/1.10.1',
157 verbose headers   'content-type': 'application/json',
157 verbose headers   'last-modified': 'Tue, 20 Dec 2016 03:53:27 GMT',
157 verbose headers   etag: 'W/"5858ab37-2100f"',
157 verbose headers   'content-encoding': 'gzip',
157 verbose headers   'cache-control': 'max-age=300',
157 verbose headers   'content-length': '13080',
157 verbose headers   'accept-ranges': 'bytes',
157 verbose headers   date: 'Wed, 21 Dec 2016 04:03:09 GMT',
157 verbose headers   via: '1.1 varnish',
157 verbose headers   age: '274',
157 verbose headers   connection: 'keep-alive',
157 verbose headers   'x-served-by': 'cache-sin6924-SIN',
157 verbose headers   'x-cache': 'HIT',
157 verbose headers   'x-cache-hits': '3',
157 verbose headers   'x-timer': 'S1482292989.519465,VS0,VE0',
157 verbose headers   vary: 'Accept-Encoding' }
158 silly get cb [ 200,
158 silly get   { server: 'nginx/1.10.1',
158 silly get     'content-type': 'application/json',
158 silly get     'last-modified': 'Tue, 20 Dec 2016 03:53:27 GMT',
158 silly get     etag: 'W/"5858ab37-2100f"',
158 silly get     'content-encoding': 'gzip',
158 silly get     'cache-control': 'max-age=300',
158 silly get     'content-length': '13080',
158 silly get     'accept-ranges': 'bytes',
158 silly get     date: 'Wed, 21 Dec 2016 04:03:09 GMT',
158 silly get     via: '1.1 varnish',
158 silly get     age: '274',
158 silly get     connection: 'keep-alive',
158 silly get     'x-served-by': 'cache-sin6924-SIN',
158 silly get     'x-cache': 'HIT',
158 silly get     'x-cache-hits': '3',
158 silly get     'x-timer': 'S1482292989.519465,VS0,VE0',
158 silly get     vary: 'Accept-Encoding' } ]
159 verbose get saving react to C:\Users\Long\AppData\Local\.meteor\packages\meteor-tool\1.4.2_3\mt-os.windows.x86_32\dev_bundle\.npm\registry.npmjs.org\react\.cache.json
160 verbose correctMkdir C:\Users\Long\AppData\Local\.meteor\packages\meteor-tool\1.4.2_3\mt-os.windows.x86_32\dev_bundle\.npm correctMkdir not in flight; initializing
161 silly resolveWithNewModule mantra-core@1.7.0 checking installable status
162 silly cache add args [ 'mantra-core@1.7.0', null ]
163 verbose cache add spec mantra-core@1.7.0
164 silly cache add parsed spec Result {
164 silly cache add   raw: 'mantra-core@1.7.0',
164 silly cache add   scope: null,
164 silly cache add   escapedName: 'mantra-core',
164 silly cache add   name: 'mantra-core',
164 silly cache add   rawSpec: '1.7.0',
164 silly cache add   spec: '1.7.0',
164 silly cache add   type: 'version' }
165 silly addNamed mantra-core@1.7.0
166 verbose addNamed "1.7.0" is a plain semver version for mantra-core
167 silly mapToRegistry name mantra-core
168 silly mapToRegistry using default registry
169 silly mapToRegistry registry https://registry.npmjs.org/
170 silly mapToRegistry data Result {
170 silly mapToRegistry   raw: 'mantra-core',
170 silly mapToRegistry   scope: null,
170 silly mapToRegistry   escapedName: 'mantra-core',
170 silly mapToRegistry   name: 'mantra-core',
170 silly mapToRegistry   rawSpec: '',
170 silly mapToRegistry   spec: 'latest',
170 silly mapToRegistry   type: 'tag' }
171 silly mapToRegistry uri https://registry.npmjs.org/mantra-core
172 verbose addNameVersion registry:https://registry.npmjs.org/mantra-core not in flight; fetching
173 silly fetchPackageMetaData Error: No compatible version found: react-bootstrap-datetimepicker@2.0.3
173 silly fetchPackageMetaData Valid install targets:
173 silly fetchPackageMetaData 0.0.22, 0.0.21, 0.0.20, 0.0.19, 0.0.18, 0.0.17, 0.0.16, 0.0.15, 0.0.14, 0.0.13, 0.0.12, 0.0.11, 0.0.10, 0.0.9, 0.0.8, 0.0.7, 0.0.6, 0.0.5, 0.0.4, 0.0.3, 0.0.2
173 silly fetchPackageMetaData
173 silly fetchPackageMetaData     at pickVersionFromRegistryDocument (C:\Users\Long\AppData\Local\.meteor\packages\meteor-tool\1.4.2_3\mt-os.windows.x86_32\dev_bundle\lib\node_modules\npm\lib\fetch-package-metadata.js:178:16)
173 silly fetchPackageMetaData     at C:\Users\Long\AppData\Local\.meteor\packages\meteor-tool\1.4.2_3\mt-os.windows.x86_32\dev_bundle\lib\node_modules\npm\node_modules\iferr\index.js:13:50
173 silly fetchPackageMetaData     at C:\Users\Long\AppData\Local\.meteor\packages\meteor-tool\1.4.2_3\mt-os.windows.x86_32\dev_bundle\lib\node_modules\npm\lib\utils\pulse-till-done.js:20:8
173 silly fetchPackageMetaData     at saved (C:\Users\Long\AppData\Local\.meteor\packages\meteor-tool\1.4.2_3\mt-os.windows.x86_32\dev_bundle\lib\node_modules\npm\lib\cache\caching-client.js:174:7)
173 silly fetchPackageMetaData     at C:\Users\Long\AppData\Local\.meteor\packages\meteor-tool\1.4.2_3\mt-os.windows.x86_32\dev_bundle\lib\node_modules\npm\node_modules\graceful-fs\polyfills.js:241:18
173 silly fetchPackageMetaData     at FSReqWrap.oncomplete (fs.js:82:15)
173 silly fetchPackageMetaData  error for react-bootstrap-datetimepicker@2.0.3 { [Error: No compatible version found: react-bootstrap-datetimepicker@2.0.3
173 silly fetchPackageMetaData Valid install targets:
173 silly fetchPackageMetaData 0.0.22, 0.0.21, 0.0.20, 0.0.19, 0.0.18, 0.0.17, 0.0.16, 0.0.15, 0.0.14, 0.0.13, 0.0.12, 0.0.11, 0.0.10, 0.0.9, 0.0.8, 0.0.7, 0.0.6, 0.0.5, 0.0.4, 0.0.3, 0.0.2
173 silly fetchPackageMetaData ] code: 'ETARGET' }
174 verbose get https://registry.npmjs.org/mantra-core not expired, no request
175 silly mapToRegistry name mantra-core
176 silly mapToRegistry using default registry
177 silly mapToRegistry registry https://registry.npmjs.org/
178 silly mapToRegistry data Result {
178 silly mapToRegistry   raw: 'mantra-core',
178 silly mapToRegistry   scope: null,
178 silly mapToRegistry   escapedName: 'mantra-core',
178 silly mapToRegistry   name: 'mantra-core',
178 silly mapToRegistry   rawSpec: '',
178 silly mapToRegistry   spec: 'latest',
178 silly mapToRegistry   type: 'tag' }
179 silly mapToRegistry uri https://registry.npmjs.org/mantra-core
180 verbose addRemoteTarball https://registry.npmjs.org/mantra-core/-/mantra-core-1.7.0.tgz not in flight; adding
181 verbose addRemoteTarball [ 'https://registry.npmjs.org/mantra-core/-/mantra-core-1.7.0.tgz',
181 verbose addRemoteTarball   'a8c83e8cee83ef6a7383131519fe8031ad546386' ]
182 http fetch 200 https://registry.npmjs.org/domready/-/domready-1.0.8.tgz
183 silly resolveWithNewModule react-dom@15.4.1 checking installable status
184 silly cache add args [ 'react-dom@15.x.x', null ]
185 verbose cache add spec react-dom@15.x.x
186 silly cache add parsed spec Result {
186 silly cache add   raw: 'react-dom@15.x.x',
186 silly cache add   scope: null,
186 silly cache add   escapedName: 'react-dom',
186 silly cache add   name: 'react-dom',
186 silly cache add   rawSpec: '15.x.x',
186 silly cache add   spec: '>=15.0.0 <16.0.0',
186 silly cache add   type: 'range' }
187 silly addNamed react-dom@>=15.0.0 <16.0.0
188 verbose addNamed ">=15.0.0 <16.0.0" is a valid semver range for react-dom
189 silly addNameRange { name: 'react-dom', range: '>=15.0.0 <16.0.0', hasData: false }
190 silly mapToRegistry name react-dom
191 silly mapToRegistry using default registry
192 silly mapToRegistry registry https://registry.npmjs.org/
193 silly mapToRegistry data Result {
193 silly mapToRegistry   raw: 'react-dom',
193 silly mapToRegistry   scope: null,
193 silly mapToRegistry   escapedName: 'react-dom',
193 silly mapToRegistry   name: 'react-dom',
193 silly mapToRegistry   rawSpec: '',
193 silly mapToRegistry   spec: 'latest',
193 silly mapToRegistry   type: 'tag' }
194 silly mapToRegistry uri https://registry.npmjs.org/react-dom
195 verbose addNameRange registry:https://registry.npmjs.org/react-dom not in flight; fetching
196 info retry fetch attempt 1 at 11:02:57 AM
197 info attempt registry request try #1 at 11:02:57 AM
198 http fetch GET https://registry.npmjs.org/mantra-core/-/mantra-core-1.7.0.tgz
199 verbose get https://registry.npmjs.org/react-dom not expired, no request
200 silly addNameRange number 2 { name: 'react-dom', range: '>=15.0.0 <16.0.0', hasData: true }
201 silly addNameRange versions [ 'react-dom',
201 silly addNameRange   [ '0.1.0',
201 silly addNameRange     '0.14.0-beta1',
201 silly addNameRange     '0.14.0-beta2',
201 silly addNameRange     '0.14.0-beta3',
201 silly addNameRange     '0.14.0-rc1',
201 silly addNameRange     '0.14.0',
201 silly addNameRange     '0.14.1',
201 silly addNameRange     '0.14.2',
201 silly addNameRange     '0.14.3',
201 silly addNameRange     '0.14.4',
201 silly addNameRange     '0.14.5',
201 silly addNameRange     '0.14.6',
201 silly addNameRange     '0.15.0-alpha.1',
201 silly addNameRange     '0.14.7',
201 silly addNameRange     '15.0.0-rc.1',
201 silly addNameRange     '15.0.0-rc.2',
201 silly addNameRange     '0.14.8',
201 silly addNameRange     '15.0.0',
201 silly addNameRange     '15.0.1',
201 silly addNameRange     '15.0.2-alpha.1',
201 silly addNameRange     '15.0.2-alpha.2',
201 silly addNameRange     '15.0.2-alpha.3',
201 silly addNameRange     '15.0.2-alpha.4',
201 silly addNameRange     '15.0.2',
201 silly addNameRange     '15.0.3-alpha.1',
201 silly addNameRange     '15.0.3-alpha.2',
201 silly addNameRange     '15.1.0-alpha.1',
201 silly addNameRange     '15.1.0',
201 silly addNameRange     '15.2.0-rc.1',
201 silly addNameRange     '15.2.0-rc.2',
201 silly addNameRange     '15.2.0',
201 silly addNameRange     '15.2.1',
201 silly addNameRange     '15.3.0-rc.1',
201 silly addNameRange     '15.3.0-rc.2',
201 silly addNameRange     '15.3.0-rc.3',
201 silly addNameRange     '15.3.0',
201 silly addNameRange     '15.3.1-rc.1',
201 silly addNameRange     '15.3.1-rc.2',
201 silly addNameRange     '15.3.1',
201 silly addNameRange     '15.3.2-rc.1',
201 silly addNameRange     '15.3.2',
201 silly addNameRange     '15.4.0-rc.1',
201 silly addNameRange     '15.4.0-rc.2',
201 silly addNameRange     '15.4.0-rc.3',
201 silly addNameRange     '15.4.0-rc.4',
201 silly addNameRange     '15.4.0',
201 silly addNameRange     '15.4.1' ] ]
202 silly addNamed react-dom@15.4.1
203 verbose addNamed "15.4.1" is a plain semver version for react-dom
204 silly mapToRegistry name react-dom
205 silly mapToRegistry using default registry
206 silly mapToRegistry registry https://registry.npmjs.org/
207 silly mapToRegistry data Result {
207 silly mapToRegistry   raw: 'react-dom',
207 silly mapToRegistry   scope: null,
207 silly mapToRegistry   escapedName: 'react-dom',
207 silly mapToRegistry   name: 'react-dom',
207 silly mapToRegistry   rawSpec: '',
207 silly mapToRegistry   spec: 'latest',
207 silly mapToRegistry   type: 'tag' }
208 silly mapToRegistry uri https://registry.npmjs.org/react-dom
209 verbose addRemoteTarball https://registry.npmjs.org/react-dom/-/react-dom-15.4.1.tgz not in flight; adding
210 verbose addRemoteTarball [ 'https://registry.npmjs.org/react-dom/-/react-dom-15.4.1.tgz',
210 verbose addRemoteTarball   'd54c913261aaedb17adc20410d029dcc18a1344a' ]
211 silly fetchAndShaCheck shasum 91f252e597b65af77e745ae24dd0185d5e26d58c
212 silly resolveWithNewModule react@15.4.1 checking installable status
213 silly cache add args [ 'react@15.4.1', null ]
214 verbose cache add spec react@15.4.1
215 silly cache add parsed spec Result {
215 silly cache add   raw: 'react@15.4.1',
215 silly cache add   scope: null,
215 silly cache add   escapedName: 'react',
215 silly cache add   name: 'react',
215 silly cache add   rawSpec: '15.4.1',
215 silly cache add   spec: '15.4.1',
215 silly cache add   type: 'version' }
216 silly addNamed react@15.4.1
217 verbose addNamed "15.4.1" is a plain semver version for react
218 silly mapToRegistry name react
219 silly mapToRegistry using default registry
220 silly mapToRegistry registry https://registry.npmjs.org/
221 silly mapToRegistry data Result {
221 silly mapToRegistry   raw: 'react',
221 silly mapToRegistry   scope: null,
221 silly mapToRegistry   escapedName: 'react',
221 silly mapToRegistry   name: 'react',
221 silly mapToRegistry   rawSpec: '',
221 silly mapToRegistry   spec: 'latest',
221 silly mapToRegistry   type: 'tag' }
222 silly mapToRegistry uri https://registry.npmjs.org/react
223 verbose addNameVersion registry:https://registry.npmjs.org/react not in flight; fetching
224 verbose addTmpTarball C:\Users\Long\AppData\Local\Temp\npm-93016-79729967\registry.npmjs.org\domready\-\domready-1.0.8.tgz not in flight; adding
225 verbose addTmpTarball already have metadata; skipping unpack for domready@1.0.8
226 verbose correctMkdir C:\Users\Long\AppData\Local\.meteor\packages\meteor-tool\1.4.2_3\mt-os.windows.x86_32\dev_bundle\.npm correctMkdir not in flight; initializing
227 info retry fetch attempt 1 at 11:02:57 AM
228 info attempt registry request try #1 at 11:02:57 AM
229 http fetch GET https://registry.npmjs.org/react-dom/-/react-dom-15.4.1.tgz
230 verbose get https://registry.npmjs.org/react not expired, no request
231 silly mapToRegistry name react
232 silly mapToRegistry using default registry
233 silly mapToRegistry registry https://registry.npmjs.org/
234 silly mapToRegistry data Result {
234 silly mapToRegistry   raw: 'react',
234 silly mapToRegistry   scope: null,
234 silly mapToRegistry   escapedName: 'react',
234 silly mapToRegistry   name: 'react',
234 silly mapToRegistry   rawSpec: '',
234 silly mapToRegistry   spec: 'latest',
234 silly mapToRegistry   type: 'tag' }
235 silly mapToRegistry uri https://registry.npmjs.org/react
236 verbose addRemoteTarball https://registry.npmjs.org/react/-/react-15.4.1.tgz not in flight; adding
237 verbose addRemoteTarball [ 'https://registry.npmjs.org/react/-/react-15.4.1.tgz',
237 verbose addRemoteTarball   '498e918602677a3983cd0fd206dfe700389a0dd6' ]
238 info retry fetch attempt 1 at 11:02:57 AM
239 info attempt registry request try #1 at 11:02:57 AM
240 http fetch GET https://registry.npmjs.org/react/-/react-15.4.1.tgz
241 silly cache afterAdd domready@1.0.8
242 verbose afterAdd C:\Users\Long\AppData\Local\.meteor\packages\meteor-tool\1.4.2_3\mt-os.windows.x86_32\dev_bundle\.npm\domready\1.0.8\package\package.json not in flight; writing
243 verbose correctMkdir C:\Users\Long\AppData\Local\.meteor\packages\meteor-tool\1.4.2_3\mt-os.windows.x86_32\dev_bundle\.npm correctMkdir not in flight; initializing
244 verbose afterAdd C:\Users\Long\AppData\Local\.meteor\packages\meteor-tool\1.4.2_3\mt-os.windows.x86_32\dev_bundle\.npm\domready\1.0.8\package\package.json written
245 http fetch 200 https://registry.npmjs.org/mantra-core/-/mantra-core-1.7.0.tgz
246 silly fetchAndShaCheck shasum a8c83e8cee83ef6a7383131519fe8031ad546386
247 verbose addTmpTarball C:\Users\Long\AppData\Local\Temp\npm-93016-79729967\registry.npmjs.org\mantra-core\-\mantra-core-1.7.0.tgz not in flight; adding
248 verbose addTmpTarball already have metadata; skipping unpack for mantra-core@1.7.0
249 verbose correctMkdir C:\Users\Long\AppData\Local\.meteor\packages\meteor-tool\1.4.2_3\mt-os.windows.x86_32\dev_bundle\.npm correctMkdir not in flight; initializing
250 http fetch 200 https://registry.npmjs.org/react-dom/-/react-dom-15.4.1.tgz
251 silly cache afterAdd mantra-core@1.7.0
252 verbose afterAdd C:\Users\Long\AppData\Local\.meteor\packages\meteor-tool\1.4.2_3\mt-os.windows.x86_32\dev_bundle\.npm\mantra-core\1.7.0\package\package.json not in flight; writing
253 verbose correctMkdir C:\Users\Long\AppData\Local\.meteor\packages\meteor-tool\1.4.2_3\mt-os.windows.x86_32\dev_bundle\.npm correctMkdir not in flight; initializing
254 http fetch 200 https://registry.npmjs.org/react/-/react-15.4.1.tgz
255 verbose afterAdd C:\Users\Long\AppData\Local\.meteor\packages\meteor-tool\1.4.2_3\mt-os.windows.x86_32\dev_bundle\.npm\mantra-core\1.7.0\package\package.json written
256 http fetch 200 https://registry.npmjs.org/react-mounter/-/react-mounter-1.2.0.tgz
257 silly fetchAndShaCheck shasum 623a3a01dfd778fa713ebd35dd85fd31e55c1424
258 verbose addTmpTarball C:\Users\Long\AppData\Local\Temp\npm-93016-79729967\registry.npmjs.org\react-mounter\-\react-mounter-1.2.0.tgz not in flight; adding
259 verbose addTmpTarball already have metadata; skipping unpack for react-mounter@1.2.0
260 verbose correctMkdir C:\Users\Long\AppData\Local\.meteor\packages\meteor-tool\1.4.2_3\mt-os.windows.x86_32\dev_bundle\.npm correctMkdir not in flight; initializing
261 silly cache afterAdd react-mounter@1.2.0
262 verbose afterAdd C:\Users\Long\AppData\Local\.meteor\packages\meteor-tool\1.4.2_3\mt-os.windows.x86_32\dev_bundle\.npm\react-mounter\1.2.0\package\package.json not in flight; writing
263 verbose correctMkdir C:\Users\Long\AppData\Local\.meteor\packages\meteor-tool\1.4.2_3\mt-os.windows.x86_32\dev_bundle\.npm correctMkdir not in flight; initializing
264 verbose afterAdd C:\Users\Long\AppData\Local\.meteor\packages\meteor-tool\1.4.2_3\mt-os.windows.x86_32\dev_bundle\.npm\react-mounter\1.2.0\package\package.json written
265 silly fetchAndShaCheck shasum 498e918602677a3983cd0fd206dfe700389a0dd6
266 verbose addTmpTarball C:\Users\Long\AppData\Local\Temp\npm-93016-79729967\registry.npmjs.org\react\-\react-15.4.1.tgz not in flight; adding
267 verbose addTmpTarball already have metadata; skipping unpack for react@15.4.1
268 verbose correctMkdir C:\Users\Long\AppData\Local\.meteor\packages\meteor-tool\1.4.2_3\mt-os.windows.x86_32\dev_bundle\.npm correctMkdir not in flight; initializing
269 silly cache afterAdd react@15.4.1
270 verbose afterAdd C:\Users\Long\AppData\Local\.meteor\packages\meteor-tool\1.4.2_3\mt-os.windows.x86_32\dev_bundle\.npm\react\15.4.1\package\package.json not in flight; writing
271 verbose correctMkdir C:\Users\Long\AppData\Local\.meteor\packages\meteor-tool\1.4.2_3\mt-os.windows.x86_32\dev_bundle\.npm correctMkdir not in flight; initializing
272 verbose afterAdd C:\Users\Long\AppData\Local\.meteor\packages\meteor-tool\1.4.2_3\mt-os.windows.x86_32\dev_bundle\.npm\react\15.4.1\package\package.json written
273 silly fetchAndShaCheck shasum d54c913261aaedb17adc20410d029dcc18a1344a
274 verbose addTmpTarball C:\Users\Long\AppData\Local\Temp\npm-93016-79729967\registry.npmjs.org\react-dom\-\react-dom-15.4.1.tgz not in flight; adding
275 verbose addTmpTarball already have metadata; skipping unpack for react-dom@15.4.1
276 verbose correctMkdir C:\Users\Long\AppData\Local\.meteor\packages\meteor-tool\1.4.2_3\mt-os.windows.x86_32\dev_bundle\.npm correctMkdir not in flight; initializing
277 silly cache afterAdd react-dom@15.4.1
278 verbose afterAdd C:\Users\Long\AppData\Local\.meteor\packages\meteor-tool\1.4.2_3\mt-os.windows.x86_32\dev_bundle\.npm\react-dom\15.4.1\package\package.json not in flight; writing
279 verbose correctMkdir C:\Users\Long\AppData\Local\.meteor\packages\meteor-tool\1.4.2_3\mt-os.windows.x86_32\dev_bundle\.npm correctMkdir not in flight; initializing
280 verbose afterAdd C:\Users\Long\AppData\Local\.meteor\packages\meteor-tool\1.4.2_3\mt-os.windows.x86_32\dev_bundle\.npm\react-dom\15.4.1\package\package.json written
281 silly rollbackFailedOptional Starting
282 silly rollbackFailedOptional Finishing
283 silly runTopLevelLifecycles Finishing
284 silly install printInstalled
285 verbose stack Error: No compatible version found: react-bootstrap-datetimepicker@2.0.3
285 verbose stack Valid install targets:
285 verbose stack 0.0.22, 0.0.21, 0.0.20, 0.0.19, 0.0.18, 0.0.17, 0.0.16, 0.0.15, 0.0.14, 0.0.13, 0.0.12, 0.0.11, 0.0.10, 0.0.9, 0.0.8, 0.0.7, 0.0.6, 0.0.5, 0.0.4, 0.0.3, 0.0.2
285 verbose stack
285 verbose stack     at pickVersionFromRegistryDocument (C:\Users\Long\AppData\Local\.meteor\packages\meteor-tool\1.4.2_3\mt-os.windows.x86_32\dev_bundle\lib\node_modules\npm\lib\fetch-package-metadata.js:178:16)
285 verbose stack     at C:\Users\Long\AppData\Local\.meteor\packages\meteor-tool\1.4.2_3\mt-os.windows.x86_32\dev_bundle\lib\node_modules\npm\node_modules\iferr\index.js:13:50
285 verbose stack     at C:\Users\Long\AppData\Local\.meteor\packages\meteor-tool\1.4.2_3\mt-os.windows.x86_32\dev_bundle\lib\node_modules\npm\lib\utils\pulse-till-done.js:20:8
285 verbose stack     at saved (C:\Users\Long\AppData\Local\.meteor\packages\meteor-tool\1.4.2_3\mt-os.windows.x86_32\dev_bundle\lib\node_modules\npm\lib\cache\caching-client.js:174:7)
285 verbose stack     at C:\Users\Long\AppData\Local\.meteor\packages\meteor-tool\1.4.2_3\mt-os.windows.x86_32\dev_bundle\lib\node_modules\npm\node_modules\graceful-fs\polyfills.js:241:18
285 verbose stack     at FSReqWrap.oncomplete (fs.js:82:15)
286 verbose cwd C:\Users\Long\milestone
287 error Windows_NT 10.0.14393
288 error argv "C:\\Users\\Long\\AppData\\Local\\.meteor\\packages\\meteor-tool\\1.4.2_3\\mt-os.windows.x86_32\\dev_bundle\\bin\\node.exe" "C:\\Users\\Long\\AppData\\Local\\.meteor\\packages\\meteor-tool\\1.4.2_3\\mt-os.windows.x86_32\\dev_bundle\\lib\\node_modules\\npm\\bin\\npm-cli.js" "install"
289 error node v4.6.2
290 error npm  v3.10.9
291 error code ETARGET
292 error notarget No compatible version found: react-bootstrap-datetimepicker@2.0.3
292 error notarget Valid install targets:
292 error notarget 0.0.22, 0.0.21, 0.0.20, 0.0.19, 0.0.18, 0.0.17, 0.0.16, 0.0.15, 0.0.14, 0.0.13, 0.0.12, 0.0.11, 0.0.10, 0.0.9, 0.0.8, 0.0.7, 0.0.6, 0.0.5, 0.0.4, 0.0.3, 0.0.2
293 error notarget This is most likely not a problem with npm itself.
293 error notarget In most cases you or one of your dependencies are requesting
293 error notarget a package version that doesn't exist.
293 error notarget
293 error notarget It was specified as a dependency of 'impossible'
294 verbose exit [ 1, true ]
